[35m[1mConsolidate compiler generated dependencies of target talker[0m
[ 50%] Built target listener
[ 75%] [32mBuilding CXX object CMakeFiles/talker.dir/src/publisher_member_function.cpp.o[0m
[01m[K/home/eungang/ros2_ws/src/cpp_pubsub/src/publisher_member_function.cpp:[m[K In constructor â€˜[01m[KTeleopPublisher::TeleopPublisher()[m[Kâ€™:
[01m[K/home/eungang/ros2_ws/src/cpp_pubsub/src/publisher_member_function.cpp:15:9:[m[K [01;31m[Kerror: [m[Kâ€˜[01m[Kpublisher_[m[Kâ€™ was not declared in this scope; did you mean â€˜[01m[Krmw_publisher_t[m[Kâ€™?
   15 |         [01;31m[Kpublisher_[m[K = this->create_publisher<geometry_msgs::msg::Twist>("/turtle1/cmd_vel", 10);
      |         [01;31m[K^~~~~~~~~~[m[K
      |         [32m[Krmw_publisher_t[m[K
[01m[K/home/eungang/ros2_ws/src/cpp_pubsub/src/publisher_member_function.cpp:16:9:[m[K [01;31m[Kerror: [m[Kâ€˜[01m[Ktimer_[m[Kâ€™ was not declared in this scope; did you mean â€˜[01m[Ktimer_t[m[Kâ€™?
   16 |         [01;31m[Ktimer_[m[K = this->create_wall_timer(std::chrono::milliseconds(100), std::bind(&TeleopPublisher::timer_callback, this));
      |         [01;31m[K^~~~~~[m[K
      |         [32m[Ktimer_t[m[K
[01m[K/home/eungang/ros2_ws/src/cpp_pubsub/src/publisher_member_function.cpp:[m[K In member function â€˜[01m[Kvoid TeleopPublisher::timer_callback()[m[Kâ€™:
[01m[K/home/eungang/ros2_ws/src/cpp_pubsub/src/publisher_member_function.cpp:57:17:[m[K [01;31m[Kerror: [m[Kâ€˜[01m[Kreset_turtle_position[m[Kâ€™ was not declared in this scope
   57 |                 [01;31m[Kreset_turtle_position[m[K(); // ì¤‘ì•™ìœ¼ë¡œ ì´ë™í•˜ëŠ” í•¨ìˆ˜ í˜¸ì¶œ
      |                 [01;31m[K^~~~~~~~~~~~~~~~~~~~~[m[K
[01m[K/home/eungang/ros2_ws/src/cpp_pubsub/src/publisher_member_function.cpp:66:21:[m[K [01;31m[Kerror: [m[Kâ€˜[01m[Kpublisher_[m[Kâ€™ was not declared in this scope; did you mean â€˜[01m[Krmw_publisher_t[m[Kâ€™?
   66 |                     [01;31m[Kpublisher_[m[K->publish(twist);
      |                     [01;31m[K^~~~~~~~~~[m[K
      |                     [32m[Krmw_publisher_t[m[K
[01m[K/home/eungang/ros2_ws/src/cpp_pubsub/src/publisher_member_function.cpp:77:17:[m[K [01;31m[Kerror: [m[Kâ€˜[01m[Kpublisher_[m[Kâ€™ was not declared in this scope; did you mean â€˜[01m[Krmw_publisher_t[m[Kâ€™?
   77 |                 [01;31m[Kpublisher_[m[K->publish(twist);
      |                 [01;31m[K^~~~~~~~~~[m[K
      |                 [32m[Krmw_publisher_t[m[K
[01m[K/home/eungang/ros2_ws/src/cpp_pubsub/src/publisher_member_function.cpp:86:21:[m[K [01;31m[Kerror: [m[Kâ€˜[01m[Kpublisher_[m[Kâ€™ was not declared in this scope; did you mean â€˜[01m[Krmw_publisher_t[m[Kâ€™?
   86 |                     [01;31m[Kpublisher_[m[K->publish(twist);
      |                     [01;31m[K^~~~~~~~~~[m[K
      |                     [32m[Krmw_publisher_t[m[K
[01m[K/home/eungang/ros2_ws/src/cpp_pubsub/src/publisher_member_function.cpp:92:17:[m[K [01;31m[Kerror: [m[Kâ€˜[01m[Kpublisher_[m[Kâ€™ was not declared in this scope; did you mean â€˜[01m[Krmw_publisher_t[m[Kâ€™?
   92 |                 [01;31m[Kpublisher_[m[K->publish(twist);
      |                 [01;31m[K^~~~~~~~~~[m[K
      |                 [32m[Krmw_publisher_t[m[K
[01m[K/home/eungang/ros2_ws/src/cpp_pubsub/src/publisher_member_function.cpp:102:21:[m[K [01;31m[Kerror: [m[Kâ€˜[01m[Kpublisher_[m[Kâ€™ was not declared in this scope; did you mean â€˜[01m[Krmw_publisher_t[m[Kâ€™?
  102 |                     [01;31m[Kpublisher_[m[K->publish(twist);
      |                     [01;31m[K^~~~~~~~~~[m[K
      |                     [32m[Krmw_publisher_t[m[K
[01m[K/home/eungang/ros2_ws/src/cpp_pubsub/src/publisher_member_function.cpp:113:17:[m[K [01;31m[Kerror: [m[Kâ€˜[01m[Kpublisher_[m[Kâ€™ was not declared in this scope; did you mean â€˜[01m[Krmw_publisher_t[m[Kâ€™?
  113 |                 [01;31m[Kpublisher_[m[K->publish(twist);
      |                 [01;31m[K^~~~~~~~~~[m[K
      |                 [32m[Krmw_publisher_t[m[K
[01m[K/home/eungang/ros2_ws/src/cpp_pubsub/src/publisher_member_function.cpp:118:9:[m[K [01;31m[Kerror: [m[Kâ€˜[01m[Kpublisher_[m[Kâ€™ was not declared in this scope; did you mean â€˜[01m[Krmw_publisher_t[m[Kâ€™?
  118 |         [01;31m[Kpublisher_[m[K->publish(twist);
      |         [01;31m[K^~~~~~~~~~[m[K
      |         [32m[Krmw_publisher_t[m[K
gmake[2]: *** [CMakeFiles/talker.dir/build.make:76: CMakeFiles/talker.dir/src/publisher_member_function.cpp.o] ì˜¤ë¥˜ 1
gmake[1]: *** [CMakeFiles/Makefile2:139: CMakeFiles/talker.dir/all] ì˜¤ë¥˜ 2
gmake: *** [Makefile:146: all] ì˜¤ë¥˜ 2
