[0.011s] Invoking command in '/home/eungang/ros2_ws/build/cpp_pubsub': CMAKE_PREFIX_PATH=/opt/ros/humble /usr/bin/cmake --build /home/eungang/ros2_ws/build/cpp_pubsub -- -j16 -l16
[0.053s] [35m[1mConsolidate compiler generated dependencies of target talker[0m
[0.067s] [ 50%] Built target listener
[0.070s] [ 75%] [32mBuilding CXX object CMakeFiles/talker.dir/src/publisher_member_function.cpp.o[0m
[1.392s] [01m[K/home/eungang/ros2_ws/src/cpp_pubsub/src/publisher_member_function.cpp:[m[K In constructor â€˜[01m[KTeleopPublisher::TeleopPublisher()[m[Kâ€™:
[1.392s] [01m[K/home/eungang/ros2_ws/src/cpp_pubsub/src/publisher_member_function.cpp:15:9:[m[K [01;31m[Kerror: [m[Kâ€˜[01m[Kpublisher_[m[Kâ€™ was not declared in this scope; did you mean â€˜[01m[Krmw_publisher_t[m[Kâ€™?
[1.392s]    15 |         [01;31m[Kpublisher_[m[K = this->create_publisher<geometry_msgs::msg::Twist>("/turtle1/cmd_vel", 10);
[1.392s]       |         [01;31m[K^~~~~~~~~~[m[K
[1.392s]       |         [32m[Krmw_publisher_t[m[K
[1.397s] [01m[K/home/eungang/ros2_ws/src/cpp_pubsub/src/publisher_member_function.cpp:16:9:[m[K [01;31m[Kerror: [m[Kâ€˜[01m[Ktimer_[m[Kâ€™ was not declared in this scope; did you mean â€˜[01m[Ktimer_t[m[Kâ€™?
[1.397s]    16 |         [01;31m[Ktimer_[m[K = this->create_wall_timer(std::chrono::milliseconds(100), std::bind(&TeleopPublisher::timer_callback, this));
[1.397s]       |         [01;31m[K^~~~~~[m[K
[1.397s]       |         [32m[Ktimer_t[m[K
[1.408s] [01m[K/home/eungang/ros2_ws/src/cpp_pubsub/src/publisher_member_function.cpp:[m[K In member function â€˜[01m[Kvoid TeleopPublisher::timer_callback()[m[Kâ€™:
[1.408s] [01m[K/home/eungang/ros2_ws/src/cpp_pubsub/src/publisher_member_function.cpp:57:17:[m[K [01;31m[Kerror: [m[Kâ€˜[01m[Kreset_turtle_position[m[Kâ€™ was not declared in this scope
[1.408s]    57 |                 [01;31m[Kreset_turtle_position[m[K(); // ì¤‘ì•™ìœ¼ë¡œ ì´ë™í•˜ëŠ” í•¨ìˆ˜ í˜¸ì¶œ
[1.408s]       |                 [01;31m[K^~~~~~~~~~~~~~~~~~~~~[m[K
[1.412s] [01m[K/home/eungang/ros2_ws/src/cpp_pubsub/src/publisher_member_function.cpp:66:21:[m[K [01;31m[Kerror: [m[Kâ€˜[01m[Kpublisher_[m[Kâ€™ was not declared in this scope; did you mean â€˜[01m[Krmw_publisher_t[m[Kâ€™?
[1.412s]    66 |                     [01;31m[Kpublisher_[m[K->publish(twist);
[1.412s]       |                     [01;31m[K^~~~~~~~~~[m[K
[1.412s]       |                     [32m[Krmw_publisher_t[m[K
[1.415s] [01m[K/home/eungang/ros2_ws/src/cpp_pubsub/src/publisher_member_function.cpp:77:17:[m[K [01;31m[Kerror: [m[Kâ€˜[01m[Kpublisher_[m[Kâ€™ was not declared in this scope; did you mean â€˜[01m[Krmw_publisher_t[m[Kâ€™?
[1.415s]    77 |                 [01;31m[Kpublisher_[m[K->publish(twist);
[1.416s]       |                 [01;31m[K^~~~~~~~~~[m[K
[1.416s]       |                 [32m[Krmw_publisher_t[m[K
[1.419s] [01m[K/home/eungang/ros2_ws/src/cpp_pubsub/src/publisher_member_function.cpp:86:21:[m[K [01;31m[Kerror: [m[Kâ€˜[01m[Kpublisher_[m[Kâ€™ was not declared in this scope; did you mean â€˜[01m[Krmw_publisher_t[m[Kâ€™?
[1.419s]    86 |                     [01;31m[Kpublisher_[m[K->publish(twist);
[1.419s]       |                     [01;31m[K^~~~~~~~~~[m[K
[1.419s]       |                     [32m[Krmw_publisher_t[m[K
[1.423s] [01m[K/home/eungang/ros2_ws/src/cpp_pubsub/src/publisher_member_function.cpp:92:17:[m[K [01;31m[Kerror: [m[Kâ€˜[01m[Kpublisher_[m[Kâ€™ was not declared in this scope; did you mean â€˜[01m[Krmw_publisher_t[m[Kâ€™?
[1.423s]    92 |                 [01;31m[Kpublisher_[m[K->publish(twist);
[1.423s]       |                 [01;31m[K^~~~~~~~~~[m[K
[1.423s]       |                 [32m[Krmw_publisher_t[m[K
[1.426s] [01m[K/home/eungang/ros2_ws/src/cpp_pubsub/src/publisher_member_function.cpp:102:21:[m[K [01;31m[Kerror: [m[Kâ€˜[01m[Kpublisher_[m[Kâ€™ was not declared in this scope; did you mean â€˜[01m[Krmw_publisher_t[m[Kâ€™?
[1.426s]   102 |                     [01;31m[Kpublisher_[m[K->publish(twist);
[1.426s]       |                     [01;31m[K^~~~~~~~~~[m[K
[1.426s]       |                     [32m[Krmw_publisher_t[m[K
[1.430s] [01m[K/home/eungang/ros2_ws/src/cpp_pubsub/src/publisher_member_function.cpp:113:17:[m[K [01;31m[Kerror: [m[Kâ€˜[01m[Kpublisher_[m[Kâ€™ was not declared in this scope; did you mean â€˜[01m[Krmw_publisher_t[m[Kâ€™?
[1.430s]   113 |                 [01;31m[Kpublisher_[m[K->publish(twist);
[1.430s]       |                 [01;31m[K^~~~~~~~~~[m[K
[1.430s]       |                 [32m[Krmw_publisher_t[m[K
[1.433s] [01m[K/home/eungang/ros2_ws/src/cpp_pubsub/src/publisher_member_function.cpp:118:9:[m[K [01;31m[Kerror: [m[Kâ€˜[01m[Kpublisher_[m[Kâ€™ was not declared in this scope; did you mean â€˜[01m[Krmw_publisher_t[m[Kâ€™?
[1.433s]   118 |         [01;31m[Kpublisher_[m[K->publish(twist);
[1.433s]       |         [01;31m[K^~~~~~~~~~[m[K
[1.433s]       |         [32m[Krmw_publisher_t[m[K
[1.804s] gmake[2]: *** [CMakeFiles/talker.dir/build.make:76: CMakeFiles/talker.dir/src/publisher_member_function.cpp.o] ì˜¤ë¥˜ 1
[1.804s] gmake[1]: *** [CMakeFiles/Makefile2:139: CMakeFiles/talker.dir/all] ì˜¤ë¥˜ 2
[1.804s] gmake: *** [Makefile:146: all] ì˜¤ë¥˜ 2
[1.807s] Invoked command in '/home/eungang/ros2_ws/build/cpp_pubsub' returned '2': CMAKE_PREFIX_PATH=/opt/ros/humble /usr/bin/cmake --build /home/eungang/ros2_ws/build/cpp_pubsub -- -j16 -l16
