[0.010s] Invoking command in '/home/eungang/ros2_ws/build/cpp_pubsub': CMAKE_PREFIX_PATH=/opt/ros/humble /usr/bin/cmake --build /home/eungang/ros2_ws/build/cpp_pubsub -- -j16 -l16
[0.067s] [ 75%] Built target listener
[0.067s] [ 75%] [32mBuilding CXX object CMakeFiles/talker.dir/src/publisher_member_function.cpp.o[0m
[1.423s] [01m[K/home/eungang/ros2_ws/src/cpp_pubsub/src/publisher_member_function.cpp:[m[K In constructor ‘[01m[KTeleopPublisher::TeleopPublisher()[m[K’:
[1.423s] [01m[K/home/eungang/ros2_ws/src/cpp_pubsub/src/publisher_member_function.cpp:15:9:[m[K [01;31m[Kerror: [m[K‘[01m[Kpublisher_[m[K’ was not declared in this scope; did you mean ‘[01m[Krmw_publisher_t[m[K’?
[1.424s]    15 |         [01;31m[Kpublisher_[m[K = this->create_publisher<geometry_msgs::msg::Twist>("/turtle1/cmd_vel", 10);
[1.424s]       |         [01;31m[K^~~~~~~~~~[m[K
[1.424s]       |         [32m[Krmw_publisher_t[m[K
[1.429s] [01m[K/home/eungang/ros2_ws/src/cpp_pubsub/src/publisher_member_function.cpp:16:9:[m[K [01;31m[Kerror: [m[K‘[01m[Ktimer_[m[K’ was not declared in this scope; did you mean ‘[01m[Ktimer_t[m[K’?
[1.429s]    16 |         [01;31m[Ktimer_[m[K = this->create_wall_timer(std::chrono::milliseconds(100), std::bind(&TeleopPublisher::timer_callback, this));
[1.429s]       |         [01;31m[K^~~~~~[m[K
[1.429s]       |         [32m[Ktimer_t[m[K
[1.440s] [01m[K/home/eungang/ros2_ws/src/cpp_pubsub/src/publisher_member_function.cpp:[m[K In member function ‘[01m[Kvoid TeleopPublisher::timer_callback()[m[K’:
[1.440s] [01m[K/home/eungang/ros2_ws/src/cpp_pubsub/src/publisher_member_function.cpp:57:17:[m[K [01;31m[Kerror: [m[K‘[01m[Kreset_turtle_position[m[K’ was not declared in this scope
[1.440s]    57 |                 [01;31m[Kreset_turtle_position[m[K(); // 중앙으로 이동하는 함수 호출
[1.440s]       |                 [01;31m[K^~~~~~~~~~~~~~~~~~~~~[m[K
[1.444s] [01m[K/home/eungang/ros2_ws/src/cpp_pubsub/src/publisher_member_function.cpp:66:21:[m[K [01;31m[Kerror: [m[K‘[01m[Kpublisher_[m[K’ was not declared in this scope; did you mean ‘[01m[Krmw_publisher_t[m[K’?
[1.444s]    66 |                     [01;31m[Kpublisher_[m[K->publish(twist);
[1.444s]       |                     [01;31m[K^~~~~~~~~~[m[K
[1.444s]       |                     [32m[Krmw_publisher_t[m[K
[1.448s] [01m[K/home/eungang/ros2_ws/src/cpp_pubsub/src/publisher_member_function.cpp:77:17:[m[K [01;31m[Kerror: [m[K‘[01m[Kpublisher_[m[K’ was not declared in this scope; did you mean ‘[01m[Krmw_publisher_t[m[K’?
[1.448s]    77 |                 [01;31m[Kpublisher_[m[K->publish(twist);
[1.448s]       |                 [01;31m[K^~~~~~~~~~[m[K
[1.448s]       |                 [32m[Krmw_publisher_t[m[K
[1.451s] [01m[K/home/eungang/ros2_ws/src/cpp_pubsub/src/publisher_member_function.cpp:86:21:[m[K [01;31m[Kerror: [m[K‘[01m[Kpublisher_[m[K’ was not declared in this scope; did you mean ‘[01m[Krmw_publisher_t[m[K’?
[1.451s]    86 |                     [01;31m[Kpublisher_[m[K->publish(twist);
[1.452s]       |                     [01;31m[K^~~~~~~~~~[m[K
[1.452s]       |                     [32m[Krmw_publisher_t[m[K
[1.455s] [01m[K/home/eungang/ros2_ws/src/cpp_pubsub/src/publisher_member_function.cpp:92:17:[m[K [01;31m[Kerror: [m[K‘[01m[Kpublisher_[m[K’ was not declared in this scope; did you mean ‘[01m[Krmw_publisher_t[m[K’?
[1.455s]    92 |                 [01;31m[Kpublisher_[m[K->publish(twist);
[1.455s]       |                 [01;31m[K^~~~~~~~~~[m[K
[1.455s]       |                 [32m[Krmw_publisher_t[m[K
[1.459s] [01m[K/home/eungang/ros2_ws/src/cpp_pubsub/src/publisher_member_function.cpp:102:21:[m[K [01;31m[Kerror: [m[K‘[01m[Kpublisher_[m[K’ was not declared in this scope; did you mean ‘[01m[Krmw_publisher_t[m[K’?
[1.459s]   102 |                     [01;31m[Kpublisher_[m[K->publish(twist);
[1.459s]       |                     [01;31m[K^~~~~~~~~~[m[K
[1.459s]       |                     [32m[Krmw_publisher_t[m[K
[1.462s] [01m[K/home/eungang/ros2_ws/src/cpp_pubsub/src/publisher_member_function.cpp:113:17:[m[K [01;31m[Kerror: [m[K‘[01m[Kpublisher_[m[K’ was not declared in this scope; did you mean ‘[01m[Krmw_publisher_t[m[K’?
[1.462s]   113 |                 [01;31m[Kpublisher_[m[K->publish(twist);
[1.462s]       |                 [01;31m[K^~~~~~~~~~[m[K
[1.462s]       |                 [32m[Krmw_publisher_t[m[K
[1.466s] [01m[K/home/eungang/ros2_ws/src/cpp_pubsub/src/publisher_member_function.cpp:118:9:[m[K [01;31m[Kerror: [m[K‘[01m[Kpublisher_[m[K’ was not declared in this scope; did you mean ‘[01m[Krmw_publisher_t[m[K’?
[1.466s]   118 |         [01;31m[Kpublisher_[m[K->publish(twist);
[1.466s]       |         [01;31m[K^~~~~~~~~~[m[K
[1.466s]       |         [32m[Krmw_publisher_t[m[K
[1.842s] gmake[2]: *** [CMakeFiles/talker.dir/build.make:76: CMakeFiles/talker.dir/src/publisher_member_function.cpp.o] 오류 1
[1.843s] gmake[1]: *** [CMakeFiles/Makefile2:139: CMakeFiles/talker.dir/all] 오류 2
[1.843s] gmake: *** [Makefile:146: all] 오류 2
[1.846s] Invoked command in '/home/eungang/ros2_ws/build/cpp_pubsub' returned '2': CMAKE_PREFIX_PATH=/opt/ros/humble /usr/bin/cmake --build /home/eungang/ros2_ws/build/cpp_pubsub -- -j16 -l16
